<?xml version="1.0" encoding="UTF-8"?>
<testng-results skipped="0" failed="0" total="3" passed="3">
  <reporter-output>
  </reporter-output>
  <suite name="Suite" duration-ms="31547" started-at="2019-07-17T07:37:04Z" finished-at="2019-07-17T07:37:36Z">
    <groups>
      <group name="cucumber">
        <method signature="TestRunner.feature(cucumber.api.testng.CucumberFeatureWrapper)[pri:0, instance:com.facebook.TestRunner.TestRunner@3b81a1bc]" name="feature" class="com.facebook.TestRunner.TestRunner"/>
      </group> <!-- cucumber -->
    </groups>
    <test name="Test" duration-ms="31547" started-at="2019-07-17T07:37:04Z" finished-at="2019-07-17T07:37:36Z">
      <class name="com.facebook.TestRunner.TestRunner">
        <test-method status="PASS" signature="setUpClass()[pri:0, instance:com.facebook.TestRunner.TestRunner@3b81a1bc]" name="setUpClass" is-config="true" duration-ms="172" started-at="2019-07-17T13:07:04Z" finished-at="2019-07-17T13:07:05Z">
          <reporter-output>
          </reporter-output>
        </test-method> <!-- setUpClass -->
        <test-method status="PASS" signature="feature(cucumber.api.testng.CucumberFeatureWrapper)[pri:0, instance:com.facebook.TestRunner.TestRunner@3b81a1bc]" name="feature" duration-ms="8809" started-at="2019-07-17T13:07:05Z" description="Runs cucmber Features" data-provider="features" finished-at="2019-07-17T13:07:14Z">
          <params>
            <param index="0">
              <value>
                <![CDATA[Invalid LoginTest]]>
              </value>
            </param>
          </params>
          <reporter-output>
          </reporter-output>
        </test-method> <!-- feature -->
        <test-method status="PASS" signature="feature(cucumber.api.testng.CucumberFeatureWrapper)[pri:0, instance:com.facebook.TestRunner.TestRunner@3b81a1bc]" name="feature" duration-ms="10388" started-at="2019-07-17T13:07:14Z" description="Runs cucmber Features" data-provider="features" finished-at="2019-07-17T13:07:24Z">
          <params>
            <param index="0">
              <value>
                <![CDATA[LoginTest]]>
              </value>
            </param>
          </params>
          <reporter-output>
          </reporter-output>
        </test-method> <!-- feature -->
        <test-method status="PASS" signature="feature(cucumber.api.testng.CucumberFeatureWrapper)[pri:0, instance:com.facebook.TestRunner.TestRunner@3b81a1bc]" name="feature" duration-ms="12065" started-at="2019-07-17T13:07:24Z" description="Runs cucmber Features" data-provider="features" finished-at="2019-07-17T13:07:36Z">
          <params>
            <param index="0">
              <value>
                <![CDATA[Valid LoginTest]]>
              </value>
            </param>
          </params>
          <reporter-output>
          </reporter-output>
        </test-method> <!-- feature -->
        <test-method status="PASS" signature="testDownClass()[pri:0, instance:com.facebook.TestRunner.TestRunner@3b81a1bc]" name="testDownClass" is-config="true" duration-ms="47" started-at="2019-07-17T13:07:36Z" finished-at="2019-07-17T13:07:36Z">
          <reporter-output>
          </reporter-output>
        </test-method> <!-- testDownClass -->
      </class> <!-- com.facebook.TestRunner.TestRunner -->
    </test> <!-- Test -->
  </suite> <!-- Suite -->
</testng-results>
