<?xml version="1.0" encoding="UTF-8"?>
<!-- Generated by org.testng.reporters.JUnitXMLReporter -->
<testsuite hostname="DESKTOP-U83RQPG" name="Default test" tests="3" failures="0" timestamp="17 Jul 2019 07:35:25 GMT" time="34.923" errors="0">
  <testcase name="feature" time="13.357" classname="com.facebook.TestRunner.TestRunner"/>
  <testcase name="feature" time="10.497" classname="com.facebook.TestRunner.TestRunner"/>
  <testcase name="feature" time="10.713" classname="com.facebook.TestRunner.TestRunner"/>
</testsuite> <!-- Default test -->
