<?xml version="1.0" encoding="UTF-8"?>
<testng-results skipped="0" failed="0" total="3" passed="3">
  <reporter-output>
  </reporter-output>
  <suite name="Default suite" duration-ms="34923" started-at="2019-07-17T07:34:51Z" finished-at="2019-07-17T07:35:25Z">
    <groups>
      <group name="cucumber">
        <method signature="TestRunner.feature(cucumber.api.testng.CucumberFeatureWrapper)[pri:0, instance:com.facebook.TestRunner.TestRunner@6a41eaa2]" name="feature" class="com.facebook.TestRunner.TestRunner"/>
      </group> <!-- cucumber -->
    </groups>
    <test name="Default test" duration-ms="34923" started-at="2019-07-17T07:34:51Z" finished-at="2019-07-17T07:35:25Z">
      <class name="com.facebook.TestRunner.TestRunner">
        <test-method status="PASS" signature="setUpClass()[pri:0, instance:com.facebook.TestRunner.TestRunner@6a41eaa2]" name="setUpClass" is-config="true" duration-ms="234" started-at="2019-07-17T13:04:51Z" finished-at="2019-07-17T13:04:51Z">
          <reporter-output>
          </reporter-output>
        </test-method> <!-- setUpClass -->
        <test-method status="PASS" signature="feature(cucumber.api.testng.CucumberFeatureWrapper)[pri:0, instance:com.facebook.TestRunner.TestRunner@6a41eaa2]" name="feature" duration-ms="13357" started-at="2019-07-17T13:04:51Z" description="Runs cucmber Features" data-provider="features" finished-at="2019-07-17T13:05:04Z">
          <params>
            <param index="0">
              <value>
                <![CDATA[Invalid LoginTest]]>
              </value>
            </param>
          </params>
          <reporter-output>
          </reporter-output>
        </test-method> <!-- feature -->
        <test-method status="PASS" signature="feature(cucumber.api.testng.CucumberFeatureWrapper)[pri:0, instance:com.facebook.TestRunner.TestRunner@6a41eaa2]" name="feature" duration-ms="10497" started-at="2019-07-17T13:05:04Z" description="Runs cucmber Features" data-provider="features" finished-at="2019-07-17T13:05:15Z">
          <params>
            <param index="0">
              <value>
                <![CDATA[LoginTest]]>
              </value>
            </param>
          </params>
          <reporter-output>
          </reporter-output>
        </test-method> <!-- feature -->
        <test-method status="PASS" signature="feature(cucumber.api.testng.CucumberFeatureWrapper)[pri:0, instance:com.facebook.TestRunner.TestRunner@6a41eaa2]" name="feature" duration-ms="10713" started-at="2019-07-17T13:05:15Z" description="Runs cucmber Features" data-provider="features" finished-at="2019-07-17T13:05:25Z">
          <params>
            <param index="0">
              <value>
                <![CDATA[Valid LoginTest]]>
              </value>
            </param>
          </params>
          <reporter-output>
          </reporter-output>
        </test-method> <!-- feature -->
        <test-method status="PASS" signature="testDownClass()[pri:0, instance:com.facebook.TestRunner.TestRunner@6a41eaa2]" name="testDownClass" is-config="true" duration-ms="31" started-at="2019-07-17T13:05:25Z" finished-at="2019-07-17T13:05:25Z">
          <reporter-output>
          </reporter-output>
        </test-method> <!-- testDownClass -->
      </class> <!-- com.facebook.TestRunner.TestRunner -->
    </test> <!-- Default test -->
  </suite> <!-- Default suite -->
</testng-results>
