<?xml version="1.0" encoding="UTF-8"?>
<!-- Generated by org.testng.reporters.JUnitXMLReporter -->
<testsuite hostname="DESKTOP-U83RQPG" name="Test" tests="3" failures="0" timestamp="17 Jul 2019 07:37:36 GMT" time="31.547" errors="0">
  <testcase name="feature" time="8.809" classname="com.facebook.TestRunner.TestRunner"/>
  <testcase name="feature" time="10.388" classname="com.facebook.TestRunner.TestRunner"/>
  <testcase name="feature" time="12.065" classname="com.facebook.TestRunner.TestRunner"/>
</testsuite> <!-- Test -->
